########### array before sorts ###########
0	13.970000	11.430000	13.970000	0.000000	n
1	13.970000	0.000000	151.130000	0.000000	n
2	151.130000	0.000000	151.130000	11.430000	n
3	151.130000	11.430000	166.370000	11.430000	n
4	166.370000	11.430000	166.370000	113.030000	n
5	166.370000	113.030000	152.400000	113.030000	n
6	152.400000	113.030000	152.400000	124.460000	n
7	152.400000	124.460000	13.970000	124.460000	n
8	13.970000	124.460000	13.970000	113.030000	n
9	13.970000	113.030000	-1.270000	113.030000	n
10	-1.270000	113.030000	-1.270000	11.430000	n
11	-1.270000	11.430000	13.970000	11.430000	n
Tolerance=0.050000.
*Exact match for i=0 and j=1.
*i point 13.970000	11.430000	13.970000	0.000000	y
*Exact match for i=1 and j=2.
*i point 13.970000	0.000000	151.130000	0.000000	y
*Exact match for i=2 and j=3.
*i point 151.130000	0.000000	151.130000	11.430000	y
*Exact match for i=3 and j=4.
*i point 151.130000	11.430000	166.370000	11.430000	y
*Exact match for i=4 and j=5.
*i point 166.370000	11.430000	166.370000	113.030000	y
*Exact match for i=5 and j=6.
*i point 166.370000	113.030000	152.400000	113.030000	y
*Exact match for i=6 and j=7.
*i point 152.400000	113.030000	152.400000	124.460000	y
*Exact match for i=7 and j=8.
*i point 152.400000	124.460000	13.970000	124.460000	y
*Exact match for i=8 and j=9.
*i point 13.970000	124.460000	13.970000	113.030000	y
*Exact match for i=9 and j=10.
*i point 13.970000	113.030000	-1.270000	113.030000	y
*Exact match for i=10 and j=11.
*i point -1.270000	113.030000	-1.270000	11.430000	y
########### array after sorts ###########
0	13.970000	11.430000	13.970000	0.000000	y
1	13.970000	0.000000	151.130000	0.000000	y
2	151.130000	0.000000	151.130000	11.430000	y
3	151.130000	11.430000	166.370000	11.430000	y
4	166.370000	11.430000	166.370000	113.030000	y
5	166.370000	113.030000	152.400000	113.030000	y
6	152.400000	113.030000	152.400000	124.460000	y
7	152.400000	124.460000	13.970000	124.460000	y
8	13.970000	124.460000	13.970000	113.030000	y
9	13.970000	113.030000	-1.270000	113.030000	y
10	-1.270000	113.030000	-1.270000	11.430000	y
11	-1.270000	11.430000	13.970000	11.430000	y
***************
.BOARD_OUTLINE UNOWNED
1.6
0     13.970000     11.430000     0
0     13.970000     0.000000     0
0     151.130000     0.000000     0
0     151.130000     11.430000     0
0     166.370000     11.430000     0
0     166.370000     113.030000     0
0     152.400000     113.030000     0
0     152.400000     124.460000     0
0     13.970000     124.460000     0
0     13.970000     113.030000     0
0     -1.270000     113.030000     0
0     -1.270000     11.430000     0
0     13.970000     11.430000     0
